Performing C SOURCE FILE Test CMAKE_HAVE_LIBC_PTHREAD failed with the following output:
Change Dir: /home/walger/Desenvolvimento/c++/Botanic/build/CMakeFiles/CMakeTmp

Run Build Command(s):/usr/bin/make cmTC_8002f/fast && /usr/bin/make -f CMakeFiles/cmTC_8002f.dir/build.make CMakeFiles/cmTC_8002f.dir/build
make[1]: Entrando no diretório '/home/walger/Desenvolvimento/c++/Botanic/build/CMakeFiles/CMakeTmp'
Building C object CMakeFiles/cmTC_8002f.dir/src.c.o
/usr/bin/gcc  -I/usr/include/gtk-3.0 -I/usr/include/at-spi2-atk/2.0 -I/usr/include/at-spi-2.0 -I/usr/include/dbus-1.0 -I/usr/lib/x86_64-linux-gnu/dbus-1.0/include -I/usr/include/gio-unix-2.0 -I/usr/include/cairo -I/usr/include/pango-1.0 -I/usr/include/fribidi -I/usr/include/harfbuzz -I/usr/include/atk-1.0 -I/usr/include/pixman-1 -I/usr/include/uuid -I/usr/include/freetype2 -I/usr/include/libpng16 -I/usr/include/gdk-pixbuf-2.0 -I/usr/include/libmount -I/usr/include/blkid -I/usr/include/glib-2.0 -I/usr/lib/x86_64-linux-gnu/glib-2.0/include  -DCMAKE_HAVE_LIBC_PTHREAD   -o CMakeFiles/cmTC_8002f.dir/src.c.o   -c /home/walger/Desenvolvimento/c++/Botanic/build/CMakeFiles/CMakeTmp/src.c
Linking C executable cmTC_8002f
/usr/bin/cmake -E cmake_link_script CMakeFiles/cmTC_8002f.dir/link.txt --verbose=1
/usr/bin/gcc  -DCMAKE_HAVE_LIBC_PTHREAD    -rdynamic CMakeFiles/cmTC_8002f.dir/src.c.o  -o cmTC_8002f 
/usr/bin/ld: CMakeFiles/cmTC_8002f.dir/src.c.o: na função "main":
src.c:(.text+0x46): referência não definida para "pthread_create"
/usr/bin/ld: src.c:(.text+0x52): referência não definida para "pthread_detach"
/usr/bin/ld: src.c:(.text+0x63): referência não definida para "pthread_join"
collect2: error: ld returned 1 exit status
make[1]: *** [CMakeFiles/cmTC_8002f.dir/build.make:87: cmTC_8002f] Erro 1
make[1]: Saindo do diretório '/home/walger/Desenvolvimento/c++/Botanic/build/CMakeFiles/CMakeTmp'
make: *** [Makefile:121: cmTC_8002f/fast] Erro 2


Source file was:
#include <pthread.h>

void* test_func(void* data)
{
  return data;
}

int main(void)
{
  pthread_t thread;
  pthread_create(&thread, NULL, test_func, NULL);
  pthread_detach(thread);
  pthread_join(thread, NULL);
  pthread_atfork(NULL, NULL, NULL);
  pthread_exit(NULL);

  return 0;
}

Determining if the function pthread_create exists in the pthreads failed with the following output:
Change Dir: /home/walger/Desenvolvimento/c++/Botanic/build/CMakeFiles/CMakeTmp

Run Build Command(s):/usr/bin/make cmTC_3e4ae/fast && /usr/bin/make -f CMakeFiles/cmTC_3e4ae.dir/build.make CMakeFiles/cmTC_3e4ae.dir/build
make[1]: Entrando no diretório '/home/walger/Desenvolvimento/c++/Botanic/build/CMakeFiles/CMakeTmp'
Building C object CMakeFiles/cmTC_3e4ae.dir/CheckFunctionExists.c.o
/usr/bin/gcc   -DCHECK_FUNCTION_EXISTS=pthread_create   -o CMakeFiles/cmTC_3e4ae.dir/CheckFunctionExists.c.o   -c /usr/share/cmake-3.16/Modules/CheckFunctionExists.c
Linking C executable cmTC_3e4ae
/usr/bin/cmake -E cmake_link_script CMakeFiles/cmTC_3e4ae.dir/link.txt --verbose=1
/usr/bin/gcc  -DCHECK_FUNCTION_EXISTS=pthread_create    -rdynamic CMakeFiles/cmTC_3e4ae.dir/CheckFunctionExists.c.o  -o cmTC_3e4ae  -lpthreads 
/usr/bin/ld: não foi possível localizar -lpthreads
collect2: error: ld returned 1 exit status
make[1]: *** [CMakeFiles/cmTC_3e4ae.dir/build.make:87: cmTC_3e4ae] Erro 1
make[1]: Saindo do diretório '/home/walger/Desenvolvimento/c++/Botanic/build/CMakeFiles/CMakeTmp'
make: *** [Makefile:121: cmTC_3e4ae/fast] Erro 2



Performing C++ SOURCE FILE Test ICONV_SECOND_ARGUMENT_IS_CONST failed with the following output:
Change Dir: /home/walger/Desenvolvimento/c++/Botanic/build/CMakeFiles/CMakeTmp

Run Build Command(s):/usr/bin/make cmTC_47d4d/fast && /usr/bin/make -f CMakeFiles/cmTC_47d4d.dir/build.make CMakeFiles/cmTC_47d4d.dir/build
make[1]: Entrando no diretório '/home/walger/Desenvolvimento/c++/Botanic/build/CMakeFiles/CMakeTmp'
Building CXX object CMakeFiles/cmTC_47d4d.dir/src.cxx.o
/usr/bin/g++    -DICONV_SECOND_ARGUMENT_IS_CONST   -o CMakeFiles/cmTC_47d4d.dir/src.cxx.o -c /home/walger/Desenvolvimento/c++/Botanic/build/CMakeFiles/CMakeTmp/src.cxx
/home/walger/Desenvolvimento/c++/Botanic/build/CMakeFiles/CMakeTmp/src.cxx: In function ‘int main()’:
/home/walger/Desenvolvimento/c++/Botanic/build/CMakeFiles/CMakeTmp/src.cxx:9:17: error: invalid conversion from ‘const char**’ to ‘char**’ [-fpermissive]
    9 |     iconv(conv, &in, &ilen, &out, &olen);
      |                 ^~~
      |                 |
      |                 const char**
In file included from /home/walger/Desenvolvimento/c++/Botanic/build/CMakeFiles/CMakeTmp/src.cxx:2:
/usr/include/iconv.h:42:54: note:   initializing argument 2 of ‘size_t iconv(iconv_t, char**, size_t*, char**, size_t*)’
   42 | extern size_t iconv (iconv_t __cd, char **__restrict __inbuf,
      |                                    ~~~~~~~~~~~~~~~~~~^~~~~~~
make[1]: *** [CMakeFiles/cmTC_47d4d.dir/build.make:66: CMakeFiles/cmTC_47d4d.dir/src.cxx.o] Erro 1
make[1]: Saindo do diretório '/home/walger/Desenvolvimento/c++/Botanic/build/CMakeFiles/CMakeTmp'
make: *** [Makefile:121: cmTC_47d4d/fast] Erro 2


Source file was:

  #include <iconv.h>
  int main(){
    iconv_t conv = 0;
    const char* in = 0;
    size_t ilen = 0;
    char* out = 0;
    size_t olen = 0;
    iconv(conv, &in, &ilen, &out, &olen);
    return 0;
  }

Performing C++ SOURCE FILE Test HAVE_HASH_MAP failed with the following output:
Change Dir: /home/walger/Desenvolvimento/c++/Botanic/build/CMakeFiles/CMakeTmp

Run Build Command(s):/usr/bin/make cmTC_86871/fast && /usr/bin/make -f CMakeFiles/cmTC_86871.dir/build.make CMakeFiles/cmTC_86871.dir/build
make[1]: Entrando no diretório '/home/walger/Desenvolvimento/c++/Botanic/build/CMakeFiles/CMakeTmp'
Building CXX object CMakeFiles/cmTC_86871.dir/src.cxx.o
/usr/bin/g++  -D_GNU_SOURCE -D__LINUX__ -D__UNIX__ -DwxUSE_UNIX  -DHAVE_HASH_MAP   -o CMakeFiles/cmTC_86871.dir/src.cxx.o -c /home/walger/Desenvolvimento/c++/Botanic/build/CMakeFiles/CMakeTmp/src.cxx
In file included from /usr/include/c++/9/backward/hash_map:60,
                 from /home/walger/Desenvolvimento/c++/Botanic/build/CMakeFiles/CMakeTmp/src.cxx:1:
/usr/include/c++/9/backward/backward_warning.h:32:2: warning: #warning This file includes at least one deprecated or antiquated header which may be removed without further notice at a future date. Please use a non-deprecated interface with equivalent functionality instead. For a listing of replacement headers and interfaces, consult the file backward_warning.h. To disable this warning use -Wno-deprecated. [-Wcpp]
   32 | #warning \
      |  ^~~~~~~
/home/walger/Desenvolvimento/c++/Botanic/build/CMakeFiles/CMakeTmp/src.cxx: In function ‘int main(int, char**)’:
/home/walger/Desenvolvimento/c++/Botanic/build/CMakeFiles/CMakeTmp/src.cxx:7:10: error: ‘hash_map’ is not a member of ‘std’; did you mean ‘__gnu_cxx::hash_map’?
    7 |     std::hash_map<double*, char*, std::hash<double*>, std::equal_to<double*> > test1;
      |          ^~~~~~~~
In file included from /home/walger/Desenvolvimento/c++/Botanic/build/CMakeFiles/CMakeTmp/src.cxx:1:
/usr/include/c++/9/backward/hash_map:83:11: note: ‘__gnu_cxx::hash_map’ declared here
   83 |     class hash_map
      |           ^~~~~~~~
/home/walger/Desenvolvimento/c++/Botanic/build/CMakeFiles/CMakeTmp/src.cxx:7:19: error: expected primary-expression before ‘double’
    7 |     std::hash_map<double*, char*, std::hash<double*>, std::equal_to<double*> > test1;
      |                   ^~~~~~
/home/walger/Desenvolvimento/c++/Botanic/build/CMakeFiles/CMakeTmp/src.cxx:8:10: error: ‘hash_set’ is not a member of ‘std’; did you mean ‘__gnu_cxx::hash_set’?
    8 |     std::hash_set<char*, std::hash<char*>, std::equal_to<char*> > test2;
      |          ^~~~~~~~
In file included from /home/walger/Desenvolvimento/c++/Botanic/build/CMakeFiles/CMakeTmp/src.cxx:2:
/usr/include/c++/9/backward/hash_set:84:11: note: ‘__gnu_cxx::hash_set’ declared here
   84 |     class hash_set
      |           ^~~~~~~~
/home/walger/Desenvolvimento/c++/Botanic/build/CMakeFiles/CMakeTmp/src.cxx:8:19: error: expected primary-expression before ‘char’
    8 |     std::hash_set<char*, std::hash<char*>, std::equal_to<char*> > test2;
      |                   ^~~~
make[1]: *** [CMakeFiles/cmTC_86871.dir/build.make:66: CMakeFiles/cmTC_86871.dir/src.cxx.o] Erro 1
make[1]: Saindo do diretório '/home/walger/Desenvolvimento/c++/Botanic/build/CMakeFiles/CMakeTmp'
make: *** [Makefile:121: cmTC_86871/fast] Erro 2


Source file was:
#include <hash_map>
#include <hash_set>


int main(int argc, char* argv[]) {
 
    std::hash_map<double*, char*, std::hash<double*>, std::equal_to<double*> > test1;
    std::hash_set<char*, std::hash<char*>, std::equal_to<char*> > test2;
return 0; }
Determining if the prototype gethostbyname_r exists for HAVE_FUNC_GETHOSTBYNAME_R_3 failed with the following output:
Change Dir: /home/walger/Desenvolvimento/c++/Botanic/build/CMakeFiles/CMakeTmp

Run Build Command(s):/usr/bin/make cmTC_9b9de/fast && /usr/bin/make -f CMakeFiles/cmTC_9b9de.dir/build.make CMakeFiles/cmTC_9b9de.dir/build
make[1]: Entrando no diretório '/home/walger/Desenvolvimento/c++/Botanic/build/CMakeFiles/CMakeTmp'
Building C object CMakeFiles/cmTC_9b9de.dir/CheckPrototypeDefinition.c.o
/usr/bin/gcc -D_GNU_SOURCE -D__LINUX__ -D__UNIX__ -DwxUSE_UNIX   -o CMakeFiles/cmTC_9b9de.dir/CheckPrototypeDefinition.c.o   -c /home/walger/Desenvolvimento/c++/Botanic/build/CMakeFiles/CMakeTmp/CheckPrototypeDefinition.c
/home/walger/Desenvolvimento/c++/Botanic/build/CMakeFiles/CMakeTmp/CheckPrototypeDefinition.c:14:66: warning: ‘struct hostent_data’ declared inside parameter list will not be visible outside of this definition or declaration
   14 | int gethostbyname_r(const char *name, struct hostent *hp, struct hostent_data *hdata) {
      |                                                                  ^~~~~~~~~~~~
/home/walger/Desenvolvimento/c++/Botanic/build/CMakeFiles/CMakeTmp/CheckPrototypeDefinition.c:14:5: error: conflicting types for ‘gethostbyname_r’
   14 | int gethostbyname_r(const char *name, struct hostent *hp, struct hostent_data *hdata) {
      |     ^~~~~~~~~~~~~~~
In file included from /home/walger/Desenvolvimento/c++/Botanic/build/CMakeFiles/CMakeTmp/CheckPrototypeDefinition.c:1:
/usr/include/netdb.h:177:12: note: previous declaration of ‘gethostbyname_r’ was here
  177 | extern int gethostbyname_r (const char *__restrict __name,
      |            ^~~~~~~~~~~~~~~
make[1]: *** [CMakeFiles/cmTC_9b9de.dir/build.make:66: CMakeFiles/cmTC_9b9de.dir/CheckPrototypeDefinition.c.o] Erro 1
make[1]: Saindo do diretório '/home/walger/Desenvolvimento/c++/Botanic/build/CMakeFiles/CMakeTmp'
make: *** [Makefile:121: cmTC_9b9de/fast] Erro 2



#include <netdb.h>


static void cmakeRequireSymbol(int dummy, ...) {
  (void) dummy;
}

static void checkSymbol(void) {
#ifndef gethostbyname_r
  cmakeRequireSymbol(0, &gethostbyname_r);
#endif
}

int gethostbyname_r(const char *name, struct hostent *hp, struct hostent_data *hdata) {
  return 0;
}

#ifdef __CLASSIC_C__
int main() {
  int ac;
  char*av[];
#else
int main(int ac, char *av[]) {
#endif
  checkSymbol();
  if (ac > 1000) {
    return *av[0];
  }
  return 0;
}


Determining if the prototype gethostbyname_r exists for HAVE_FUNC_GETHOSTBYNAME_R_5 failed with the following output:
Change Dir: /home/walger/Desenvolvimento/c++/Botanic/build/CMakeFiles/CMakeTmp

Run Build Command(s):/usr/bin/make cmTC_7f2d7/fast && /usr/bin/make -f CMakeFiles/cmTC_7f2d7.dir/build.make CMakeFiles/cmTC_7f2d7.dir/build
make[1]: Entrando no diretório '/home/walger/Desenvolvimento/c++/Botanic/build/CMakeFiles/CMakeTmp'
Building C object CMakeFiles/cmTC_7f2d7.dir/CheckPrototypeDefinition.c.o
/usr/bin/gcc -D_GNU_SOURCE -D__LINUX__ -D__UNIX__ -DwxUSE_UNIX   -o CMakeFiles/cmTC_7f2d7.dir/CheckPrototypeDefinition.c.o   -c /home/walger/Desenvolvimento/c++/Botanic/build/CMakeFiles/CMakeTmp/CheckPrototypeDefinition.c
/home/walger/Desenvolvimento/c++/Botanic/build/CMakeFiles/CMakeTmp/CheckPrototypeDefinition.c:14:17: error: conflicting types for ‘gethostbyname_r’
   14 | struct hostent *gethostbyname_r(const char *name, struct hostent *hp, char *buf, size_t buflen, int *herr) {
      |                 ^~~~~~~~~~~~~~~
In file included from /home/walger/Desenvolvimento/c++/Botanic/build/CMakeFiles/CMakeTmp/CheckPrototypeDefinition.c:1:
/usr/include/netdb.h:177:12: note: previous declaration of ‘gethostbyname_r’ was here
  177 | extern int gethostbyname_r (const char *__restrict __name,
      |            ^~~~~~~~~~~~~~~
/home/walger/Desenvolvimento/c++/Botanic/build/CMakeFiles/CMakeTmp/CheckPrototypeDefinition.c: In function ‘gethostbyname_r’:
/home/walger/Desenvolvimento/c++/Botanic/build/CMakeFiles/CMakeTmp/CheckPrototypeDefinition.c:15:10: error: ‘NULL’ undeclared (first use in this function)
   15 |   return NULL;
      |          ^~~~
/home/walger/Desenvolvimento/c++/Botanic/build/CMakeFiles/CMakeTmp/CheckPrototypeDefinition.c:2:1: note: ‘NULL’ is defined in header ‘<stddef.h>’; did you forget to ‘#include <stddef.h>’?
    1 | #include <netdb.h>
  +++ |+#include <stddef.h>
    2 | 
/home/walger/Desenvolvimento/c++/Botanic/build/CMakeFiles/CMakeTmp/CheckPrototypeDefinition.c:15:10: note: each undeclared identifier is reported only once for each function it appears in
   15 |   return NULL;
      |          ^~~~
make[1]: *** [CMakeFiles/cmTC_7f2d7.dir/build.make:66: CMakeFiles/cmTC_7f2d7.dir/CheckPrototypeDefinition.c.o] Erro 1
make[1]: Saindo do diretório '/home/walger/Desenvolvimento/c++/Botanic/build/CMakeFiles/CMakeTmp'
make: *** [Makefile:121: cmTC_7f2d7/fast] Erro 2



#include <netdb.h>


static void cmakeRequireSymbol(int dummy, ...) {
  (void) dummy;
}

static void checkSymbol(void) {
#ifndef gethostbyname_r
  cmakeRequireSymbol(0, &gethostbyname_r);
#endif
}

struct hostent *gethostbyname_r(const char *name, struct hostent *hp, char *buf, size_t buflen, int *herr) {
  return NULL;
}

#ifdef __CLASSIC_C__
int main() {
  int ac;
  char*av[];
#else
int main(int ac, char *av[]) {
#endif
  checkSymbol();
  if (ac > 1000) {
    return *av[0];
  }
  return 0;
}


Performing C++ SOURCE FILE Test wxSIZE_T_IS_NOT_ULONG failed with the following output:
Change Dir: /home/walger/Desenvolvimento/c++/Botanic/build/CMakeFiles/CMakeTmp

Run Build Command(s):/usr/bin/make cmTC_3d663/fast && /usr/bin/make -f CMakeFiles/cmTC_3d663.dir/build.make CMakeFiles/cmTC_3d663.dir/build
make[1]: Entrando no diretório '/home/walger/Desenvolvimento/c++/Botanic/build/CMakeFiles/CMakeTmp'
Building CXX object CMakeFiles/cmTC_3d663.dir/src.cxx.o
/usr/bin/g++  -D_GNU_SOURCE -D__LINUX__ -D__UNIX__ -DwxUSE_UNIX  -DwxSIZE_T_IS_NOT_ULONG   -o CMakeFiles/cmTC_3d663.dir/src.cxx.o -c /home/walger/Desenvolvimento/c++/Botanic/build/CMakeFiles/CMakeTmp/src.cxx
/home/walger/Desenvolvimento/c++/Botanic/build/CMakeFiles/CMakeTmp/src.cxx:7:49: error: ‘void Foo::foo(long unsigned int)’ cannot be overloaded with ‘void Foo::foo(size_t)’
    7 |             struct Foo { void foo(size_t); void foo(unsigned long); };
      |                                                 ^~~
/home/walger/Desenvolvimento/c++/Botanic/build/CMakeFiles/CMakeTmp/src.cxx:7:31: note: previous declaration ‘void Foo::foo(size_t)’
    7 |             struct Foo { void foo(size_t); void foo(unsigned long); };
      |                               ^~~
make[1]: *** [CMakeFiles/cmTC_3d663.dir/build.make:66: CMakeFiles/cmTC_3d663.dir/src.cxx.o] Erro 1
make[1]: Saindo do diretório '/home/walger/Desenvolvimento/c++/Botanic/build/CMakeFiles/CMakeTmp'
make: *** [Makefile:121: cmTC_3d663/fast] Erro 2


Source file was:
#include <stddef.h>


int main(int argc, char* argv[]) {
 return 0; }

            struct Foo { void foo(size_t); void foo(unsigned long); };

            int bar() {
return 0; }
Determining if the ftime exist failed with the following output:
Change Dir: /home/walger/Desenvolvimento/c++/Botanic/build/CMakeFiles/CMakeTmp

Run Build Command(s):/usr/bin/make cmTC_99cec/fast && /usr/bin/make -f CMakeFiles/cmTC_99cec.dir/build.make CMakeFiles/cmTC_99cec.dir/build
make[1]: Entrando no diretório '/home/walger/Desenvolvimento/c++/Botanic/build/CMakeFiles/CMakeTmp'
Building C object CMakeFiles/cmTC_99cec.dir/CheckSymbolExists.c.o
/usr/bin/gcc -D_GNU_SOURCE -D__LINUX__ -D__UNIX__ -DwxUSE_UNIX   -o CMakeFiles/cmTC_99cec.dir/CheckSymbolExists.c.o   -c /home/walger/Desenvolvimento/c++/Botanic/build/CMakeFiles/CMakeTmp/CheckSymbolExists.c
/home/walger/Desenvolvimento/c++/Botanic/build/CMakeFiles/CMakeTmp/CheckSymbolExists.c: In function ‘main’:
/home/walger/Desenvolvimento/c++/Botanic/build/CMakeFiles/CMakeTmp/CheckSymbolExists.c:8:19: error: ‘ftime’ undeclared (first use in this function)
    8 |   return ((int*)(&ftime))[argc];
      |                   ^~~~~
/home/walger/Desenvolvimento/c++/Botanic/build/CMakeFiles/CMakeTmp/CheckSymbolExists.c:8:19: note: each undeclared identifier is reported only once for each function it appears in
make[1]: *** [CMakeFiles/cmTC_99cec.dir/build.make:66: CMakeFiles/cmTC_99cec.dir/CheckSymbolExists.c.o] Erro 1
make[1]: Saindo do diretório '/home/walger/Desenvolvimento/c++/Botanic/build/CMakeFiles/CMakeTmp'
make: *** [Makefile:121: cmTC_99cec/fast] Erro 2


File /home/walger/Desenvolvimento/c++/Botanic/build/CMakeFiles/CMakeTmp/CheckSymbolExists.c:
/* */
#include <wchar.h>

int main(int argc, char** argv)
{
  (void)argv;
#ifndef ftime
  return ((int*)(&ftime))[argc];
#else
  (void)argc;
  return 0;
#endif
}
Determining if the putws exist failed with the following output:
Change Dir: /home/walger/Desenvolvimento/c++/Botanic/build/CMakeFiles/CMakeTmp

Run Build Command(s):/usr/bin/make cmTC_3dec2/fast && /usr/bin/make -f CMakeFiles/cmTC_3dec2.dir/build.make CMakeFiles/cmTC_3dec2.dir/build
make[1]: Entrando no diretório '/home/walger/Desenvolvimento/c++/Botanic/build/CMakeFiles/CMakeTmp'
Building C object CMakeFiles/cmTC_3dec2.dir/CheckSymbolExists.c.o
/usr/bin/gcc -D_GNU_SOURCE -D__LINUX__ -D__UNIX__ -DwxUSE_UNIX   -o CMakeFiles/cmTC_3dec2.dir/CheckSymbolExists.c.o   -c /home/walger/Desenvolvimento/c++/Botanic/build/CMakeFiles/CMakeTmp/CheckSymbolExists.c
/home/walger/Desenvolvimento/c++/Botanic/build/CMakeFiles/CMakeTmp/CheckSymbolExists.c: In function ‘main’:
/home/walger/Desenvolvimento/c++/Botanic/build/CMakeFiles/CMakeTmp/CheckSymbolExists.c:8:19: error: ‘putws’ undeclared (first use in this function); did you mean ‘fputws’?
    8 |   return ((int*)(&putws))[argc];
      |                   ^~~~~
      |                   fputws
/home/walger/Desenvolvimento/c++/Botanic/build/CMakeFiles/CMakeTmp/CheckSymbolExists.c:8:19: note: each undeclared identifier is reported only once for each function it appears in
make[1]: *** [CMakeFiles/cmTC_3dec2.dir/build.make:66: CMakeFiles/cmTC_3dec2.dir/CheckSymbolExists.c.o] Erro 1
make[1]: Saindo do diretório '/home/walger/Desenvolvimento/c++/Botanic/build/CMakeFiles/CMakeTmp'
make: *** [Makefile:121: cmTC_3dec2/fast] Erro 2


File /home/walger/Desenvolvimento/c++/Botanic/build/CMakeFiles/CMakeTmp/CheckSymbolExists.c:
/* */
#include <wchar.h>

int main(int argc, char** argv)
{
  (void)argv;
#ifndef putws
  return ((int*)(&putws))[argc];
#else
  (void)argc;
  return 0;
#endif
}
Determining if the wcsrctombs exist failed with the following output:
Change Dir: /home/walger/Desenvolvimento/c++/Botanic/build/CMakeFiles/CMakeTmp

Run Build Command(s):/usr/bin/make cmTC_f25f9/fast && /usr/bin/make -f CMakeFiles/cmTC_f25f9.dir/build.make CMakeFiles/cmTC_f25f9.dir/build
make[1]: Entrando no diretório '/home/walger/Desenvolvimento/c++/Botanic/build/CMakeFiles/CMakeTmp'
Building C object CMakeFiles/cmTC_f25f9.dir/CheckSymbolExists.c.o
/usr/bin/gcc -D_GNU_SOURCE -D__LINUX__ -D__UNIX__ -DwxUSE_UNIX   -o CMakeFiles/cmTC_f25f9.dir/CheckSymbolExists.c.o   -c /home/walger/Desenvolvimento/c++/Botanic/build/CMakeFiles/CMakeTmp/CheckSymbolExists.c
/home/walger/Desenvolvimento/c++/Botanic/build/CMakeFiles/CMakeTmp/CheckSymbolExists.c: In function ‘main’:
/home/walger/Desenvolvimento/c++/Botanic/build/CMakeFiles/CMakeTmp/CheckSymbolExists.c:8:19: error: ‘wcsrctombs’ undeclared (first use in this function); did you mean ‘wcsrtombs’?
    8 |   return ((int*)(&wcsrctombs))[argc];
      |                   ^~~~~~~~~~
      |                   wcsrtombs
/home/walger/Desenvolvimento/c++/Botanic/build/CMakeFiles/CMakeTmp/CheckSymbolExists.c:8:19: note: each undeclared identifier is reported only once for each function it appears in
make[1]: *** [CMakeFiles/cmTC_f25f9.dir/build.make:66: CMakeFiles/cmTC_f25f9.dir/CheckSymbolExists.c.o] Erro 1
make[1]: Saindo do diretório '/home/walger/Desenvolvimento/c++/Botanic/build/CMakeFiles/CMakeTmp'
make: *** [Makefile:121: cmTC_f25f9/fast] Erro 2


File /home/walger/Desenvolvimento/c++/Botanic/build/CMakeFiles/CMakeTmp/CheckSymbolExists.c:
/* */
#include <wchar.h>

int main(int argc, char** argv)
{
  (void)argv;
#ifndef wcsrctombs
  return ((int*)(&wcsrctombs))[argc];
#else
  (void)argc;
  return 0;
#endif
}
Determining if the round exist failed with the following output:
Change Dir: /home/walger/Desenvolvimento/c++/Botanic/build/CMakeFiles/CMakeTmp

Run Build Command(s):/usr/bin/make cmTC_00a16/fast && /usr/bin/make -f CMakeFiles/cmTC_00a16.dir/build.make CMakeFiles/cmTC_00a16.dir/build
make[1]: Entrando no diretório '/home/walger/Desenvolvimento/c++/Botanic/build/CMakeFiles/CMakeTmp'
Building CXX object CMakeFiles/cmTC_00a16.dir/CheckSymbolExists.cxx.o
/usr/bin/g++  -D_GNU_SOURCE -D__LINUX__ -D__UNIX__ -DwxUSE_UNIX   -o CMakeFiles/cmTC_00a16.dir/CheckSymbolExists.cxx.o -c /home/walger/Desenvolvimento/c++/Botanic/build/CMakeFiles/CMakeTmp/CheckSymbolExists.cxx
/home/walger/Desenvolvimento/c++/Botanic/build/CMakeFiles/CMakeTmp/CheckSymbolExists.cxx: In function ‘int main(int, char**)’:
/home/walger/Desenvolvimento/c++/Botanic/build/CMakeFiles/CMakeTmp/CheckSymbolExists.cxx:8:18: error: address of overloaded function with no contextual type information
    8 |   return ((int*)(&round))[argc];
      |                 ~^~~~~~~
make[1]: *** [CMakeFiles/cmTC_00a16.dir/build.make:66: CMakeFiles/cmTC_00a16.dir/CheckSymbolExists.cxx.o] Erro 1
make[1]: Saindo do diretório '/home/walger/Desenvolvimento/c++/Botanic/build/CMakeFiles/CMakeTmp'
make: *** [Makefile:121: cmTC_00a16/fast] Erro 2


File /home/walger/Desenvolvimento/c++/Botanic/build/CMakeFiles/CMakeTmp/CheckSymbolExists.cxx:
/* */
#include <math.h>

int main(int argc, char** argv)
{
  (void)argv;
#ifndef round
  return ((int*)(&round))[argc];
#else
  (void)argc;
  return 0;
#endif
}
Determining if the include file wcstr.h exists failed with the following output:
Change Dir: /home/walger/Desenvolvimento/c++/Botanic/build/CMakeFiles/CMakeTmp

Run Build Command(s):/usr/bin/make cmTC_754e0/fast && /usr/bin/make -f CMakeFiles/cmTC_754e0.dir/build.make CMakeFiles/cmTC_754e0.dir/build
make[1]: Entrando no diretório '/home/walger/Desenvolvimento/c++/Botanic/build/CMakeFiles/CMakeTmp'
Building C object CMakeFiles/cmTC_754e0.dir/CheckIncludeFile.c.o
/usr/bin/gcc -D_GNU_SOURCE -D__LINUX__ -D__UNIX__ -DwxUSE_UNIX   -o CMakeFiles/cmTC_754e0.dir/CheckIncludeFile.c.o   -c /home/walger/Desenvolvimento/c++/Botanic/build/CMakeFiles/CMakeTmp/CheckIncludeFile.c
/home/walger/Desenvolvimento/c++/Botanic/build/CMakeFiles/CMakeTmp/CheckIncludeFile.c:1:10: fatal error: wcstr.h: Arquivo ou diretório inexistente
    1 | #include <wcstr.h>
      |          ^~~~~~~~~
compilation terminated.
make[1]: *** [CMakeFiles/cmTC_754e0.dir/build.make:66: CMakeFiles/cmTC_754e0.dir/CheckIncludeFile.c.o] Erro 1
make[1]: Saindo do diretório '/home/walger/Desenvolvimento/c++/Botanic/build/CMakeFiles/CMakeTmp'
make: *** [Makefile:121: cmTC_754e0/fast] Erro 2



Determining if the dladdr exist failed with the following output:
Change Dir: /home/walger/Desenvolvimento/c++/Botanic/build/CMakeFiles/CMakeTmp

Run Build Command(s):/usr/bin/make cmTC_d2037/fast && /usr/bin/make -f CMakeFiles/cmTC_d2037.dir/build.make CMakeFiles/cmTC_d2037.dir/build
make[1]: Entrando no diretório '/home/walger/Desenvolvimento/c++/Botanic/build/CMakeFiles/CMakeTmp'
Building C object CMakeFiles/cmTC_d2037.dir/CheckSymbolExists.c.o
/usr/bin/gcc -D_GNU_SOURCE -D__LINUX__ -D__UNIX__ -DwxUSE_UNIX   -o CMakeFiles/cmTC_d2037.dir/CheckSymbolExists.c.o   -c /home/walger/Desenvolvimento/c++/Botanic/build/CMakeFiles/CMakeTmp/CheckSymbolExists.c
Linking C executable cmTC_d2037
/usr/bin/cmake -E cmake_link_script CMakeFiles/cmTC_d2037.dir/link.txt --verbose=1
/usr/bin/gcc      -rdynamic CMakeFiles/cmTC_d2037.dir/CheckSymbolExists.c.o  -o cmTC_d2037 
/usr/bin/ld: CMakeFiles/cmTC_d2037.dir/CheckSymbolExists.c.o: na função "main":
CheckSymbolExists.c:(.text+0x1f): referência não definida para "dladdr"
collect2: error: ld returned 1 exit status
make[1]: *** [CMakeFiles/cmTC_d2037.dir/build.make:87: cmTC_d2037] Erro 1
make[1]: Saindo do diretório '/home/walger/Desenvolvimento/c++/Botanic/build/CMakeFiles/CMakeTmp'
make: *** [Makefile:121: cmTC_d2037/fast] Erro 2


File /home/walger/Desenvolvimento/c++/Botanic/build/CMakeFiles/CMakeTmp/CheckSymbolExists.c:
/* */
#include <dlfcn.h>

int main(int argc, char** argv)
{
  (void)argv;
#ifndef dladdr
  return ((int*)(&dladdr))[argc];
#else
  (void)argc;
  return 0;
#endif
}
Determining if the include file xlocale.h exists failed with the following output:
Change Dir: /home/walger/Desenvolvimento/c++/Botanic/build/CMakeFiles/CMakeTmp

Run Build Command(s):/usr/bin/make cmTC_adb99/fast && /usr/bin/make -f CMakeFiles/cmTC_adb99.dir/build.make CMakeFiles/cmTC_adb99.dir/build
make[1]: Entrando no diretório '/home/walger/Desenvolvimento/c++/Botanic/build/CMakeFiles/CMakeTmp'
Building C object CMakeFiles/cmTC_adb99.dir/CheckIncludeFile.c.o
/usr/bin/gcc -D_GNU_SOURCE -D__LINUX__ -D__UNIX__ -DwxUSE_UNIX   -o CMakeFiles/cmTC_adb99.dir/CheckIncludeFile.c.o   -c /home/walger/Desenvolvimento/c++/Botanic/build/CMakeFiles/CMakeTmp/CheckIncludeFile.c
/home/walger/Desenvolvimento/c++/Botanic/build/CMakeFiles/CMakeTmp/CheckIncludeFile.c:1:10: fatal error: xlocale.h: Arquivo ou diretório inexistente
    1 | #include <xlocale.h>
      |          ^~~~~~~~~~~
compilation terminated.
make[1]: *** [CMakeFiles/cmTC_adb99.dir/build.make:66: CMakeFiles/cmTC_adb99.dir/CheckIncludeFile.c.o] Erro 1
make[1]: Saindo do diretório '/home/walger/Desenvolvimento/c++/Botanic/build/CMakeFiles/CMakeTmp'
make: *** [Makefile:121: cmTC_adb99/fast] Erro 2



